--------------------------------------------------------------------------------
Release 10.1.03 Trace  (lin64)
Copyright (c) 1995-2008 Xilinx, Inc.  All rights reserved.

/afs/csail.mit.edu/proj/redsocs/Xilinx10.1/ISE/bin/lin64/unwrapped/trce -ise
/afs/athena.mit.edu/user/m/t/mtung/6.111/lab3/lab3/lab3.ise -intstyle ise -v 3
-s 4 -xml lab3 lab3.ncd -o lab3.twr lab3.pcf -ucf labkit.ucf

Design file:              lab3.ncd
Physical constraint file: lab3.pcf
Device,package,speed:     xc2v6000,bf957,-4 (PRODUCTION 1.121 2008-07-25, STEPPING level 0)
Report level:             verbose report

Environment Variable      Effect 
--------------------      ------ 
NONE                      No environment variables were set
--------------------------------------------------------------------------------

INFO:Timing:2698 - No timing constraints found, doing default enumeration.
INFO:Timing:2752 - To get complete path coverage, use the unconstrained paths 
   option. All paths that are not constrained will be reported in the 
   unconstrained paths section(s) of the report.
INFO:Timing:3339 - The clock-to-out numbers in this timing report are based on 
   a 50 Ohm transmission line loading model.  For the details of this model, 
   and for more information on accounting for different loading conditions, 
   please see the device datasheet.



Data Sheet report:
-----------------
All values displayed in nanoseconds (ns)

Setup/Hold to clock clock_27mhz
------------+------------+------------+------------------+--------+
            |  Setup to  |  Hold to   |                  | Clock  |
Source      | clk (edge) | clk (edge) |Internal Clock(s) | Phase  |
------------+------------+------------+------------------+--------+
button_down |    1.310(R)|    0.215(R)|clock_65mhz       |   0.000|
button_enter|    1.457(R)|    0.877(R)|clock_65mhz       |   0.000|
button_up   |    1.262(R)|    0.811(R)|clock_65mhz       |   0.000|
switch<0>   |    7.868(R)|   -1.569(R)|clock_65mhz       |   0.000|
switch<1>   |   11.929(R)|   -4.375(R)|clock_65mhz       |   0.000|
------------+------------+------------+------------------+--------+

Clock clock_27mhz to Pad
----------------+------------+------------------+--------+
                | clk (edge) |                  | Clock  |
Destination     |   to PAD   |Internal Clock(s) | Phase  |
----------------+------------+------------------+--------+
led<2>          |   19.376(R)|clock_65mhz       |   0.000|
led<3>          |   14.520(R)|clock_65mhz       |   0.000|
led<4>          |   14.565(R)|clock_65mhz       |   0.000|
vga_out_blank_b |   13.055(R)|clock_65mhz       |   0.000|
vga_out_blue<0> |   13.526(R)|clock_65mhz       |   0.000|
vga_out_blue<1> |   13.218(R)|clock_65mhz       |   0.000|
vga_out_blue<2> |   12.915(R)|clock_65mhz       |   0.000|
vga_out_blue<3> |   12.081(R)|clock_65mhz       |   0.000|
vga_out_blue<4> |   12.475(R)|clock_65mhz       |   0.000|
vga_out_blue<5> |   12.685(R)|clock_65mhz       |   0.000|
vga_out_blue<6> |   12.698(R)|clock_65mhz       |   0.000|
vga_out_blue<7> |   12.772(R)|clock_65mhz       |   0.000|
vga_out_green<0>|   13.875(R)|clock_65mhz       |   0.000|
vga_out_green<1>|   13.620(R)|clock_65mhz       |   0.000|
vga_out_green<2>|   12.020(R)|clock_65mhz       |   0.000|
vga_out_green<3>|   12.760(R)|clock_65mhz       |   0.000|
vga_out_green<4>|   14.126(R)|clock_65mhz       |   0.000|
vga_out_green<5>|   13.686(R)|clock_65mhz       |   0.000|
vga_out_green<6>|   14.129(R)|clock_65mhz       |   0.000|
vga_out_green<7>|   13.372(R)|clock_65mhz       |   0.000|
vga_out_hsync   |   12.806(R)|clock_65mhz       |   0.000|
vga_out_red<0>  |   13.204(R)|clock_65mhz       |   0.000|
vga_out_red<1>  |   13.289(R)|clock_65mhz       |   0.000|
vga_out_red<2>  |   13.344(R)|clock_65mhz       |   0.000|
vga_out_red<3>  |   13.274(R)|clock_65mhz       |   0.000|
vga_out_red<4>  |   14.096(R)|clock_65mhz       |   0.000|
vga_out_red<5>  |   13.716(R)|clock_65mhz       |   0.000|
vga_out_red<6>  |   14.014(R)|clock_65mhz       |   0.000|
vga_out_red<7>  |   13.610(R)|clock_65mhz       |   0.000|
vga_out_vsync   |   12.515(R)|clock_65mhz       |   0.000|
----------------+------------+------------------+--------+

Clock to Setup on destination clock clock_27mhz
---------------+---------+---------+---------+---------+
               | Src:Rise| Src:Fall| Src:Rise| Src:Fall|
Source Clock   |Dest:Rise|Dest:Rise|Dest:Fall|Dest:Fall|
---------------+---------+---------+---------+---------+
clock_27mhz    |   14.478|         |         |         |
---------------+---------+---------+---------+---------+

Pad to Pad
---------------+-------------------+---------+
Source Pad     |Destination Pad    |  Delay  |
---------------+-------------------+---------+
clock_27mhz    |vga_out_pixel_clock|   11.458|
switch<0>      |led<0>             |    6.389|
switch<1>      |led<1>             |    6.840|
---------------+-------------------+---------+


Analysis completed Thu Nov  8 22:39:52 2018 
--------------------------------------------------------------------------------

Trace Settings:
-------------------------
Trace Settings 

Peak Memory Usage: 350 MB



