Release 10.1.03 - xst K.39 (lin64)
Copyright (c) 1995-2008 Xilinx, Inc.  All rights reserved.
--> 
Parameter TMPDIR set to /afs/athena.mit.edu/user/m/t/mtung/6.111/lab3/lpset6/xst/projnav.tmp


Total REAL time to Xst completion: 0.00 secs
Total CPU time to Xst completion: 0.02 secs
 
--> 
Parameter xsthdpdir set to /afs/athena.mit.edu/user/m/t/mtung/6.111/lab3/lpset6/xst


Total REAL time to Xst completion: 0.00 secs
Total CPU time to Xst completion: 0.03 secs
 
--> 
Reading design: lpset6.prj

TABLE OF CONTENTS
  1) Synthesis Options Summary
  2) HDL Compilation
  3) Design Hierarchy Analysis
  4) HDL Analysis
  5) HDL Synthesis
     5.1) HDL Synthesis Report
  6) Advanced HDL Synthesis
     6.1) Advanced HDL Synthesis Report
  7) Low Level Synthesis
  8) Partition Report
  9) Final Report
     9.1) Device utilization summary
     9.2) Partition Resource Summary
     9.3) TIMING REPORT


=========================================================================
*                      Synthesis Options Summary                        *
=========================================================================
---- Source Parameters
Input File Name                    : "lpset6.prj"
Input Format                       : mixed
Ignore Synthesis Constraint File   : NO

---- Target Parameters
Output File Name                   : "lpset6"
Output Format                      : NGC
Target Device                      : xc2v6000-4-bf957

---- Source Options
Top Module Name                    : lpset6
Automatic FSM Extraction           : YES
FSM Encoding Algorithm             : Auto
Safe Implementation                : No
FSM Style                          : lut
RAM Extraction                     : Yes
RAM Style                          : Auto
ROM Extraction                     : Yes
Mux Style                          : Auto
Decoder Extraction                 : YES
Priority Encoder Extraction        : YES
Shift Register Extraction          : YES
Logical Shifter Extraction         : YES
XOR Collapsing                     : YES
ROM Style                          : Auto
Mux Extraction                     : YES
Resource Sharing                   : YES
Asynchronous To Synchronous        : NO
Multiplier Style                   : auto
Automatic Register Balancing       : No

---- Target Options
Add IO Buffers                     : YES
Global Maximum Fanout              : 500
Add Generic Clock Buffer(BUFG)     : 16
Register Duplication               : YES
Slice Packing                      : YES
Optimize Instantiated Primitives   : NO
Convert Tristates To Logic         : Yes
Use Clock Enable                   : Yes
Use Synchronous Set                : Yes
Use Synchronous Reset              : Yes
Pack IO Registers into IOBs        : auto
Equivalent register Removal        : YES

---- General Options
Optimization Goal                  : Speed
Optimization Effort                : 1
Library Search Order               : lpset6.lso
Keep Hierarchy                     : NO
Netlist Hierarchy                  : as_optimized
RTL Output                         : Yes
Global Optimization                : AllClockNets
Read Cores                         : YES
Write Timing Constraints           : NO
Cross Clock Analysis               : NO
Hierarchy Separator                : /
Bus Delimiter                      : <>
Case Specifier                     : maintain
Slice Utilization Ratio            : 100
BRAM Utilization Ratio             : 100
Verilog 2001                       : YES
Auto BRAM Packing                  : NO
Slice Utilization Ratio Delta      : 5

=========================================================================


=========================================================================
*                          HDL Compilation                              *
=========================================================================
Compiling verilog file "lpset6.v" in library work
Module <lpset6> compiled
No errors in compilation
Analysis of file <"lpset6.prj"> succeeded.
 

=========================================================================
*                     Design Hierarchy Analysis                         *
=========================================================================
Analyzing hierarchy for module <lpset6> in library <work>.


=========================================================================
*                            HDL Analysis                               *
=========================================================================
Analyzing top module <lpset6>.
Module <lpset6> is correct for synthesis.
 

=========================================================================
*                           HDL Synthesis                               *
=========================================================================

Performing bidirectional port resolution...

Synthesizing Unit <lpset6>.
    Related source file is "lpset6.v".
    Found 7-bit register for signal <count>.
    Found 7-bit adder for signal <count$add0000> created at line 64.
    Found 1-bit register for signal <over>.
    Found 16-bit register for signal <res>.
    Found 16-bit register for signal <shift>.
    Found 1-bit xor2 for signal <shift_0$xor0000> created at line 47.
    Found 1-bit xor2 for signal <shift_15$xor0000> created at line 62.
    Summary:
	inferred  40 D-type flip-flop(s).
	inferred   1 Adder/Subtractor(s).
Unit <lpset6> synthesized.


=========================================================================
HDL Synthesis Report

Macro Statistics
# Adders/Subtractors                                   : 1
 7-bit adder                                           : 1
# Registers                                            : 19
 1-bit register                                        : 17
 16-bit register                                       : 1
 7-bit register                                        : 1
# Xors                                                 : 2
 1-bit xor2                                            : 2

=========================================================================

=========================================================================
*                       Advanced HDL Synthesis                          *
=========================================================================

Loading device for application Rf_Device from file '2v6000.nph' in environment /afs/csail.mit.edu/proj/redsocs/Xilinx10.1/ISE.

=========================================================================
Advanced HDL Synthesis Report

Macro Statistics
# Adders/Subtractors                                   : 1
 7-bit adder                                           : 1
# Registers                                            : 40
 Flip-Flops                                            : 40
# Xors                                                 : 2
 1-bit xor2                                            : 2

=========================================================================

=========================================================================
*                         Low Level Synthesis                           *
=========================================================================

Optimizing unit <lpset6> ...

Mapping all equations...
Building and optimizing final netlist ...
Found area constraint ratio of 100 (+ 5) on block lpset6, actual ratio is 0.

Final Macro Processing ...

=========================================================================
Final Register Report

Macro Statistics
# Registers                                            : 40
 Flip-Flops                                            : 40

=========================================================================

=========================================================================
*                           Partition Report                             *
=========================================================================

Partition Implementation Status
-------------------------------

  No Partitions were found in this design.

-------------------------------

=========================================================================
*                            Final Report                               *
=========================================================================
Final Results
RTL Top Level Output File Name     : lpset6.ngr
Top Level Output File Name         : lpset6
Output Format                      : NGC
Optimization Goal                  : Speed
Keep Hierarchy                     : NO

Design Statistics
# IOs                              : 20

Cell Usage :
# BELS                             : 56
#      GND                         : 1
#      LUT2                        : 18
#      LUT2_L                      : 2
#      LUT3                        : 4
#      LUT3_L                      : 1
#      LUT4                        : 27
#      LUT4_D                      : 1
#      LUT4_L                      : 1
#      MUXF5                       : 1
# FlipFlops/Latches                : 40
#      FD                          : 21
#      FDE                         : 16
#      FDR                         : 2
#      FDSE                        : 1
# Clock Buffers                    : 1
#      BUFGP                       : 1
# IO Buffers                       : 19
#      IBUF                        : 2
#      OBUF                        : 17
=========================================================================

Device utilization summary:
---------------------------

Selected Device : 2v6000bf957-4 

 Number of Slices:                       31  out of  33792     0%  
 Number of Slice Flip Flops:             40  out of  67584     0%  
 Number of 4 input LUTs:                 54  out of  67584     0%  
 Number of IOs:                          20
 Number of bonded IOBs:                  20  out of    684     2%  
 Number of GCLKs:                         1  out of     16     6%  

---------------------------
Partition Resource Summary:
---------------------------

  No Partitions were found in this design.

---------------------------


=========================================================================
TIMING REPORT

NOTE: THESE TIMING NUMBERS ARE ONLY A SYNTHESIS ESTIMATE.
      FOR ACCURATE TIMING INFORMATION PLEASE REFER TO THE TRACE REPORT
      GENERATED AFTER PLACE-and-ROUTE.

Clock Information:
------------------
-----------------------------------+------------------------+-------+
Clock Signal                       | Clock buffer(FF name)  | Load  |
-----------------------------------+------------------------+-------+
clock                              | BUFGP                  | 40    |
-----------------------------------+------------------------+-------+

Asynchronous Control Signals Information:
----------------------------------------
No asynchronous control signals found in this design

Timing Summary:
---------------
Speed Grade: -4

   Minimum period: 5.067ns (Maximum Frequency: 197.355MHz)
   Minimum input arrival time before clock: 5.659ns
   Maximum output required time after clock: 5.677ns
   Maximum combinational path delay: No path found

Timing Detail:
--------------
All values displayed in nanoseconds (ns)

=========================================================================
Timing constraint: Default period analysis for Clock 'clock'
  Clock period: 5.067ns (frequency: 197.355MHz)
  Total number of paths / destination ports: 440 / 56
-------------------------------------------------------------------------
Delay:               5.067ns (Levels of Logic = 3)
  Source:            count_0 (FF)
  Destination:       res_0 (FF)
  Source Clock:      clock rising
  Destination Clock: clock rising

  Data Path: count_0 to res_0
                                Gate     Net
    Cell:in->out      fanout   Delay   Delay  Logical Name (Net Name)
    ----------------------------------------  ------------
     FD:C->Q               7   0.568   1.024  count_0 (count_0)
     LUT2:I1->O            2   0.439   0.736  Madd_count_add0000_xor<0>11 (count_add0000<0>)
     LUT4:I2->O           17   0.439   1.052  res_mux0000<0>2 (over_cmp_eq0000)
     LUT4:I3->O            1   0.439   0.000  res_mux0000<9>1 (res_mux0000<9>)
     FD:D                      0.370          res_9
    ----------------------------------------
    Total                      5.067ns (2.255ns logic, 2.812ns route)
                                       (44.5% logic, 55.5% route)

=========================================================================
Timing constraint: Default OFFSET IN BEFORE for Clock 'clock'
  Total number of paths / destination ports: 79 / 57
-------------------------------------------------------------------------
Offset:              5.659ns (Levels of Logic = 4)
  Source:            start (PAD)
  Destination:       res_0 (FF)
  Destination Clock: clock rising

  Data Path: start to res_0
                                Gate     Net
    Cell:in->out      fanout   Delay   Delay  Logical Name (Net Name)
    ----------------------------------------  ------------
     IBUF:I->O            27   0.825   1.360  start_IBUF (start_IBUF)
     LUT2:I0->O            2   0.439   0.736  Madd_count_add0000_xor<0>11 (count_add0000<0>)
     LUT4:I2->O           17   0.439   1.052  res_mux0000<0>2 (over_cmp_eq0000)
     LUT4:I3->O            1   0.439   0.000  res_mux0000<9>1 (res_mux0000<9>)
     FD:D                      0.370          res_9
    ----------------------------------------
    Total                      5.659ns (2.512ns logic, 3.147ns route)
                                       (44.4% logic, 55.6% route)

=========================================================================
Timing constraint: Default OFFSET OUT AFTER for Clock 'clock'
  Total number of paths / destination ports: 17 / 17
-------------------------------------------------------------------------
Offset:              5.677ns (Levels of Logic = 1)
  Source:            res_15 (FF)
  Destination:       r<15> (PAD)
  Source Clock:      clock rising

  Data Path: res_15 to r<15>
                                Gate     Net
    Cell:in->out      fanout   Delay   Delay  Logical Name (Net Name)
    ----------------------------------------  ------------
     FD:C->Q               4   0.568   0.747  res_15 (res_15)
     OBUF:I->O                 4.361          r_15_OBUF (r<15>)
    ----------------------------------------
    Total                      5.677ns (4.929ns logic, 0.747ns route)
                                       (86.8% logic, 13.2% route)

=========================================================================


Total REAL time to Xst completion: 2.00 secs
Total CPU time to Xst completion: 2.29 secs
 
--> 


Total memory usage is 450328 kilobytes

Number of errors   :    0 (   0 filtered)
Number of warnings :    0 (   0 filtered)
Number of infos    :    0 (   0 filtered)

