--------------------------------------------------------------------------------
Release 10.1.03 Trace  (lin64)
Copyright (c) 1995-2008 Xilinx, Inc.  All rights reserved.

/afs/csail.mit.edu/proj/redsocs/Xilinx10.1/ISE/bin/lin64/unwrapped/trce -ise
/afs/athena.mit.edu/user/m/t/mtung/6.111/lab3/lab5/lab5.ise -intstyle ise -v 3
-s 4 -xml lab5 lab5.ncd -o lab5.twr lab5.pcf -ucf labkit.ucf

Design file:              lab5.ncd
Physical constraint file: lab5.pcf
Device,package,speed:     xc2v6000,bf957,-4 (PRODUCTION 1.121 2008-07-25, STEPPING level 0)
Report level:             verbose report

Environment Variable      Effect 
--------------------      ------ 
NONE                      No environment variables were set
--------------------------------------------------------------------------------

INFO:Timing:2698 - No timing constraints found, doing default enumeration.
INFO:Timing:2752 - To get complete path coverage, use the unconstrained paths 
   option. All paths that are not constrained will be reported in the 
   unconstrained paths section(s) of the report.
INFO:Timing:3339 - The clock-to-out numbers in this timing report are based on 
   a 50 Ohm transmission line loading model.  For the details of this model, 
   and for more information on accounting for different loading conditions, 
   please see the device datasheet.



Data Sheet report:
-----------------
All values displayed in nanoseconds (ns)

Setup/Hold to clock ac97_bit_clock
-------------+------------+------------+--------------------+--------+
             |  Setup to  |  Hold to   |                    | Clock  |
Source       | clk (edge) | clk (edge) |Internal Clock(s)   | Phase  |
-------------+------------+------------+--------------------+--------+
ac97_sdata_in|    0.377(F)|    0.172(F)|analyzer1_clock_OBUF|   0.000|
-------------+------------+------------+--------------------+--------+

Setup/Hold to clock clock_27mhz
------------+------------+------------+------------------+--------+
            |  Setup to  |  Hold to   |                  | Clock  |
Source      | clk (edge) | clk (edge) |Internal Clock(s) | Phase  |
------------+------------+------------+------------------+--------+
button_down |    2.819(R)|   -0.618(R)|ram0_clk_OBUF     |   0.000|
button_enter|    5.650(R)|   -3.031(R)|ram0_clk_OBUF     |   0.000|
button_up   |    4.074(R)|   -0.955(R)|ram0_clk_OBUF     |   0.000|
switch<0>   |    3.320(R)|   -1.551(R)|ram0_clk_OBUF     |   0.000|
switch<1>   |    3.785(R)|   -1.312(R)|ram0_clk_OBUF     |   0.000|
------------+------------+------------+------------------+--------+

Clock ac97_bit_clock to Pad
------------------+------------+--------------------+--------+
                  | clk (edge) |                    | Clock  |
Destination       |   to PAD   |Internal Clock(s)   | Phase  |
------------------+------------+--------------------+--------+
ac97_sdata_out    |   14.228(R)|analyzer1_clock_OBUF|   0.000|
ac97_synch        |   14.227(R)|analyzer1_clock_OBUF|   0.000|
analyzer1_data<1> |   17.995(R)|analyzer1_clock_OBUF|   0.000|
analyzer1_data<3> |   18.059(R)|analyzer1_clock_OBUF|   0.000|
analyzer3_data<8> |   16.624(F)|analyzer1_clock_OBUF|   0.000|
analyzer3_data<9> |   16.864(F)|analyzer1_clock_OBUF|   0.000|
analyzer3_data<10>|   15.704(F)|analyzer1_clock_OBUF|   0.000|
analyzer3_data<11>|   16.304(F)|analyzer1_clock_OBUF|   0.000|
analyzer3_data<12>|   15.547(F)|analyzer1_clock_OBUF|   0.000|
analyzer3_data<13>|   18.143(F)|analyzer1_clock_OBUF|   0.000|
analyzer3_data<14>|   16.803(F)|analyzer1_clock_OBUF|   0.000|
analyzer3_data<15>|   16.795(F)|analyzer1_clock_OBUF|   0.000|
------------------+------------+--------------------+--------+

Clock clock_27mhz to Pad
-----------------+------------+------------------+--------+
                 | clk (edge) |                  | Clock  |
Destination      |   to PAD   |Internal Clock(s) | Phase  |
-----------------+------------+------------------+--------+
analyzer1_data<0>|   13.767(R)|ram0_clk_OBUF     |   0.000|
analyzer3_clock  |   16.407(R)|ram0_clk_OBUF     |   0.000|
analyzer3_data<0>|   12.325(R)|ram0_clk_OBUF     |   0.000|
analyzer3_data<1>|   13.136(R)|ram0_clk_OBUF     |   0.000|
analyzer3_data<2>|   13.049(R)|ram0_clk_OBUF     |   0.000|
analyzer3_data<3>|   12.961(R)|ram0_clk_OBUF     |   0.000|
analyzer3_data<4>|   13.302(R)|ram0_clk_OBUF     |   0.000|
analyzer3_data<5>|   14.078(R)|ram0_clk_OBUF     |   0.000|
analyzer3_data<6>|   13.520(R)|ram0_clk_OBUF     |   0.000|
analyzer3_data<7>|   12.009(R)|ram0_clk_OBUF     |   0.000|
audio_reset_b    |   12.251(R)|ram0_clk_OBUF     |   0.000|
led<0>           |   13.490(R)|ram0_clk_OBUF     |   0.000|
led<1>           |   11.773(R)|ram0_clk_OBUF     |   0.000|
led<2>           |   11.776(R)|ram0_clk_OBUF     |   0.000|
led<3>           |   11.760(R)|ram0_clk_OBUF     |   0.000|
led<4>           |   11.875(R)|ram0_clk_OBUF     |   0.000|
led<5>           |   13.774(R)|ram0_clk_OBUF     |   0.000|
led<7>           |   12.353(R)|ram0_clk_OBUF     |   0.000|
vga_out_green<5> |   13.633(R)|ram0_clk_OBUF     |   0.000|
vga_out_green<6> |   15.042(R)|ram0_clk_OBUF     |   0.000|
vga_out_green<7> |   14.354(R)|ram0_clk_OBUF     |   0.000|
vga_out_red<0>   |   14.201(R)|ram0_clk_OBUF     |   0.000|
vga_out_red<1>   |   17.186(R)|ram0_clk_OBUF     |   0.000|
vga_out_red<2>   |   14.341(R)|ram0_clk_OBUF     |   0.000|
-----------------+------------+------------------+--------+

Clock to Setup on destination clock ac97_bit_clock
---------------+---------+---------+---------+---------+
               | Src:Rise| Src:Fall| Src:Rise| Src:Fall|
Source Clock   |Dest:Rise|Dest:Rise|Dest:Fall|Dest:Fall|
---------------+---------+---------+---------+---------+
ac97_bit_clock |    8.812|         |    8.575|    3.283|
clock_27mhz    |    3.759|         |         |         |
---------------+---------+---------+---------+---------+

Clock to Setup on destination clock clock_27mhz
---------------+---------+---------+---------+---------+
               | Src:Rise| Src:Fall| Src:Rise| Src:Fall|
Source Clock   |Dest:Rise|Dest:Rise|Dest:Fall|Dest:Fall|
---------------+---------+---------+---------+---------+
ac97_bit_clock |    3.197|    3.998|         |         |
clock_27mhz    |   15.556|         |         |         |
---------------+---------+---------+---------+---------+

Pad to Pad
---------------+-----------------+---------+
Source Pad     |Destination Pad  |  Delay  |
---------------+-----------------+---------+
ac97_bit_clock |analyzer1_clock  |   17.015|
ac97_sdata_in  |analyzer1_data<2>|   14.661|
clock_27mhz    |ram0_clk         |   10.967|
---------------+-----------------+---------+


Analysis completed Thu Oct 25 23:24:35 2018 
--------------------------------------------------------------------------------

Trace Settings:
-------------------------
Trace Settings 

Peak Memory Usage: 356 MB



